0 info it worked if it ends with ok
1 verbose cli [ '/usr/bin/nodejs',
1 verbose cli   '/home/alessandro/.npm-global/bin/npm',
1 verbose cli   'run',
1 verbose cli   'watch' ]
2 info using npm@4.1.1
3 info using node@v7.4.0
4 verbose run-script [ 'prewatch', 'watch', 'postwatch' ]
5 info lifecycle foundationpress@2.9.3~prewatch: foundationpress@2.9.3
6 silly lifecycle foundationpress@2.9.3~prewatch: no script for prewatch, continuing
7 info lifecycle foundationpress@2.9.3~watch: foundationpress@2.9.3
8 verbose lifecycle foundationpress@2.9.3~watch: unsafe-perm in lifecycle true
9 verbose lifecycle foundationpress@2.9.3~watch: PATH: /home/alessandro/.npm-global/lib/node_modules/npm/bin/node-gyp-bin:/home/alessandro/Scrivania/DEVEL/RELATIONAL/WP/wp-content/themes/Relational-strategies/node_modules/.bin:~/.npm-global/bin:/home/alessandro/bin:/home/alessandro/.local/bin:/usr/local/sbin:/usr/local/bin:/usr/sbin:/usr/bin:/sbin:/bin:/usr/games:/usr/local/games:/snap/bin:/usr/lib/jvm/java-8-oracle/bin:/usr/lib/jvm/java-8-oracle/db/bin:/usr/lib/jvm/java-8-oracle/jre/bin
10 verbose lifecycle foundationpress@2.9.3~watch: CWD: /home/alessandro/Scrivania/DEVEL/RELATIONAL/WP/wp-content/themes/Relational-strategies
11 silly lifecycle foundationpress@2.9.3~watch: Args: [ '-c', 'gulp' ]
12 silly lifecycle foundationpress@2.9.3~watch: Returned: code: 1  signal: null
13 info lifecycle foundationpress@2.9.3~watch: Failed to exec watch script
14 verbose stack Error: foundationpress@2.9.3 watch: `gulp`
14 verbose stack Exit status 1
14 verbose stack     at EventEmitter.<anonymous> (/home/alessandro/.npm-global/lib/node_modules/npm/lib/utils/lifecycle.js:279:16)
14 verbose stack     at emitTwo (events.js:106:13)
14 verbose stack     at EventEmitter.emit (events.js:191:7)
14 verbose stack     at ChildProcess.<anonymous> (/home/alessandro/.npm-global/lib/node_modules/npm/lib/utils/spawn.js:40:14)
14 verbose stack     at emitTwo (events.js:106:13)
14 verbose stack     at ChildProcess.emit (events.js:191:7)
14 verbose stack     at maybeClose (internal/child_process.js:885:16)
14 verbose stack     at Process.ChildProcess._handle.onexit (internal/child_process.js:226:5)
15 verbose pkgid foundationpress@2.9.3
16 verbose cwd /home/alessandro/Scrivania/DEVEL/RELATIONAL/WP/wp-content/themes/Relational-strategies
17 error Linux 4.10.0-35-generic
18 error argv "/usr/bin/nodejs" "/home/alessandro/.npm-global/bin/npm" "run" "watch"
19 error node v7.4.0
20 error npm  v4.1.1
21 error code ELIFECYCLE
22 error foundationpress@2.9.3 watch: `gulp`
22 error Exit status 1
23 error Failed at the foundationpress@2.9.3 watch script 'gulp'.
23 error Make sure you have the latest version of node.js and npm installed.
23 error If you do, this is most likely a problem with the foundationpress package,
23 error not with npm itself.
23 error Tell the author that this fails on your system:
23 error     gulp
23 error You can get information on how to open an issue for this project with:
23 error     npm bugs foundationpress
23 error Or if that isn't available, you can get their info via:
23 error     npm owner ls foundationpress
23 error There is likely additional logging output above.
24 verbose exit [ 1, true ]
